
> alokbortika@0.1.0 start
> react-scripts start

Starting the development server...

Compiled successfully!

You can now view alokbortika in the browser.

  Local:            http://localhost:3000
  On Your Network:  http://192.168.0.125:3000

Note that the development build is not optimized.
To create a production build, use npm run build.

webpack compiled [1m[32msuccessfully[39m[22m
Compiling...
Compiled with warnings.

[eslint] 
src\pages\Donate.js
  Line 1:10:   'useEffect' is defined but never used                          no-unused-vars
  Line 4:8:    'donationService' is defined but never used                    no-unused-vars
  Line 139:7:  'API_PAYMENT_METHOD_BY_ID' is assigned a value but never used  no-unused-vars

Search for the keywords to learn more about each warning.
To ignore, add // eslint-disable-next-line to the line before.

[1m[33mWARNING[39m[22m in [1m[eslint] 
src\pages\Donate.js
  Line 1:10:   'useEffect' is defined but never used                          no-unused-vars
  Line 4:8:    'donationService' is defined but never used                    no-unused-vars
  Line 139:7:  'API_PAYMENT_METHOD_BY_ID' is assigned a value but never used  no-unused-vars

[39m[22m

webpack compiled with [1m[33m1 warning[39m[22m
Compiling...
Compiled with warnings.

[eslint] 
src\pages\Donate.js
  Line 1:10:    'useEffect' is defined but never used                          no-unused-vars
  Line 4:8:     'donationService' is defined but never used                    no-unused-vars
  Line 139:7:   'API_PAYMENT_METHOD_BY_ID' is assigned a value but never used  no-unused-vars
  Line 175:10:  'getPaymentMethodLabel' is defined but never used              no-unused-vars
  Line 182:10:  'clearPaymentQueryParams' is defined but never used            no-unused-vars

Search for the keywords to learn more about each warning.
To ignore, add // eslint-disable-next-line to the line before.

[1m[33mWARNING[39m[22m in [1m[eslint] 
src\pages\Donate.js
  Line 1:10:    'useEffect' is defined but never used                          no-unused-vars
  Line 4:8:     'donationService' is defined but never used                    no-unused-vars
  Line 139:7:   'API_PAYMENT_METHOD_BY_ID' is assigned a value but never used  no-unused-vars
  Line 175:10:  'getPaymentMethodLabel' is defined but never used              no-unused-vars
  Line 182:10:  'clearPaymentQueryParams' is defined but never used            no-unused-vars

[39m[22m

webpack compiled with [1m[33m1 warning[39m[22m
Compiling...
Compiled with warnings.

[eslint] 
src\pages\Donate.js
  Line 139:7:   'API_PAYMENT_METHOD_BY_ID' is assigned a value but never used  no-unused-vars
  Line 175:10:  'getPaymentMethodLabel' is defined but never used              no-unused-vars

Search for the keywords to learn more about each warning.
To ignore, add // eslint-disable-next-line to the line before.

[1m[33mWARNING[39m[22m in [1m[eslint] 
src\pages\Donate.js
  Line 139:7:   'API_PAYMENT_METHOD_BY_ID' is assigned a value but never used  no-unused-vars
  Line 175:10:  'getPaymentMethodLabel' is defined but never used              no-unused-vars

[39m[22m

webpack compiled with [1m[33m1 warning[39m[22m
Compiling...
Compiled with warnings.

[eslint] 
src\pages\Donate.js
  Line 139:7:   'API_PAYMENT_METHOD_BY_ID' is assigned a value but never used  no-unused-vars
  Line 175:10:  'getPaymentMethodLabel' is defined but never used              no-unused-vars

Search for the keywords to learn more about each warning.
To ignore, add // eslint-disable-next-line to the line before.

[1m[33mWARNING[39m[22m in [1m[eslint] 
src\pages\Donate.js
  Line 139:7:   'API_PAYMENT_METHOD_BY_ID' is assigned a value but never used  no-unused-vars
  Line 175:10:  'getPaymentMethodLabel' is defined but never used              no-unused-vars

[39m[22m

webpack compiled with [1m[33m1 warning[39m[22m
Compiling...
Compiled successfully!
webpack compiled [1m[32msuccessfully[39m[22m
Compiling...
Compiled successfully!
webpack compiled [1m[32msuccessfully[39m[22m
Compiling...
Compiled successfully!
webpack compiled [1m[32msuccessfully[39m[22m
Compiling...
Compiled successfully!
webpack compiled [1m[32msuccessfully[39m[22m
Compiling...
Compiled successfully!
webpack compiled [1m[32msuccessfully[39m[22m
Compiling...
Compiled successfully!
webpack compiled [1m[32msuccessfully[39m[22m
Compiling...
Compiled successfully!
webpack compiled [1m[32msuccessfully[39m[22m
